<?xml version="1.0" encoding="UTF-8"?>
<testsuite name="com.example.demo.PointEntityTest" tests="2" skipped="0" failures="0" errors="0" timestamp="2025-05-27T07:13:27.878Z" hostname="DESKTOP-OK49GCF" time="0.067">
  <properties/>
  <testcase name="testSetters()" classname="com.example.demo.PointEntityTest" time="0.066"/>
  <testcase name="testConstructor()" classname="com.example.demo.PointEntityTest" time="0.0"/>
  <system-out><![CDATA[]]></system-out>
  <system-err><![CDATA[]]></system-err>
</testsuite>
