<?xml version="1.0" encoding="UTF-8"?>
<testsuite name="com.example.demo.UserEntityTest" tests="2" skipped="0" failures="0" errors="0" timestamp="2025-05-27T07:13:28.039Z" hostname="DESKTOP-OK49GCF" time="0.011">
  <properties/>
  <testcase name="testSettersAndGetters()" classname="com.example.demo.UserEntityTest" time="0.011"/>
  <testcase name="testConstructor()" classname="com.example.demo.UserEntityTest" time="0.0"/>
  <system-out><![CDATA[]]></system-out>
  <system-err><![CDATA[]]></system-err>
</testsuite>
