<?xml version="1.0" encoding="UTF-8"?>
<testsuite name="checkCredentials" tests="3" skipped="0" failures="0" errors="0" timestamp="2025-05-27T06:58:23.827Z" hostname="DESKTOP-OK49GCF" time="0.227">
  <properties/>
  <testcase name="возвращает false, когда пароль неверный" classname="com.example.demo.UserServiceTest$CheckCredentials" time="0.113"/>
  <testcase name="возвращает true, когда пароль совпал" classname="com.example.demo.UserServiceTest$CheckCredentials" time="0.112"/>
  <testcase name="возвращает false, когда пользователя нет" classname="com.example.demo.UserServiceTest$CheckCredentials" time="0.001"/>
  <system-out><![CDATA[]]></system-out>
  <system-err><![CDATA[]]></system-err>
</testsuite>
