<?xml version="1.0" encoding="UTF-8"?>
<testsuite name="com.example.demo.UserServiceTest" tests="5" skipped="0" failures="0" errors="0" timestamp="2025-05-27T07:13:28.052Z" hostname="DESKTOP-OK49GCF" time="0.4">
  <properties/>
  <testcase name="saveUser()" classname="com.example.demo.UserServiceTest" time="0.166"/>
  <testcase name="noUser()" classname="com.example.demo.UserServiceTest" time="0.001"/>
  <testcase name="wrongPassword()" classname="com.example.demo.UserServiceTest" time="0.115"/>
  <testcase name="okPassword()" classname="com.example.demo.UserServiceTest" time="0.111"/>
  <testcase name="userExists()" classname="com.example.demo.UserServiceTest" time="0.004"/>
  <system-out><![CDATA[]]></system-out>
  <system-err><![CDATA[]]></system-err>
</testsuite>
